EaseUI_2_2_8/build/outputs/logs/manifest-merger-release-report.txt
-- Merging decision tree log ---
manifest
ADDED from shizhong-Android/EaseUI_2_2_8/AndroidManifest.xml:2:1-11:12
INJECTED from shizhong-Android/EaseUI_2_2_8/AndroidManifest.xml:2:1-11:12
INJECTED from shizhong-Android/EaseUI_2_2_8/AndroidManifest.xml:2:1-11:12
INJECTED from shizhong-Android/EaseUI_2_2_8/AndroidManifest.xml:2:1-11:12
INJECTED from shizhong-Android/EaseUI_2_2_8/AndroidManifest.xml:2:1-11:12
INJECTED from shizhong-Android/EaseUI_2_2_8/AndroidManifest.xml:2:1-11:12
INJECTED from shizhong-Android/EaseUI_2_2_8/AndroidManifest.xml:2:1-11:12
	package
		ADDED from shizhong-Android/EaseUI_2_2_8/AndroidManifest.xml:3:5-34
		INJECTED from shizhong-Android/EaseUI_2_2_8/AndroidManifest.xml
		INJECTED from shizhong-Android/EaseUI_2_2_8/AndroidManifest.xml
	android:versionName
		ADDED from shizhong-Android/EaseUI_2_2_8/AndroidManifest.xml:5:5-30
		INJECTED from shizhong-Android/EaseUI_2_2_8/AndroidManifest.xml
		INJECTED from shizhong-Android/EaseUI_2_2_8/AndroidManifest.xml
	xmlns:android
		ADDED from shizhong-Android/EaseUI_2_2_8/AndroidManifest.xml:2:11-69
	android:versionCode
		ADDED from shizhong-Android/EaseUI_2_2_8/AndroidManifest.xml:4:5-28
		INJECTED from shizhong-Android/EaseUI_2_2_8/AndroidManifest.xml
		INJECTED from shizhong-Android/EaseUI_2_2_8/AndroidManifest.xml
uses-sdk
ADDED from shizhong-Android/EaseUI_2_2_8/AndroidManifest.xml:7:5-9:41
	android:targetSdkVersion
		ADDED from shizhong-Android/EaseUI_2_2_8/AndroidManifest.xml:9:9-38
	android:minSdkVersion
		ADDED from shizhong-Android/EaseUI_2_2_8/AndroidManifest.xml:8:9-34